0.11104558408260345 0.10240454971790314
0.10210803151130676 0.10243720561265945
0.10211169719696045 0.10244303941726685
0.10210391134023666 0.10239582508802414
0.10210833698511124 0.10238223522901535
0.10210257768630981 0.10240519046783447
0.10210359841585159 0.10245019197463989
0.10210264474153519 0.10256554931402206
0.10210301727056503 0.10243148356676102
0.10210269689559937 0.10246699303388596
0.1020979955792427 0.10241836309432983
0.1021009162068367 0.10242719948291779
0.10209382325410843 0.10240505635738373
0.10209791362285614 0.10238571465015411
0.10209339112043381 0.10241268575191498
0.1020718663930893 0.10236752033233643
0.10207144916057587 0.102399080991745
0.10207222402095795 0.1023625060915947
0.10207263380289078 0.10237856209278107
0.10207231342792511 0.10236954689025879
0.10207411646842957 0.10248401015996933
0.10207214951515198 0.1023828312754631
0.10206989198923111 0.10238361358642578
0.10207053273916245 0.10240461677312851
0.10207154601812363 0.10245276987552643
0.10207042843103409 0.1023886650800705
0.10207264870405197 0.10242264717817307
0.10207218676805496 0.10240206122398376
0.10206083208322525 0.10241393744945526
0.10206025093793869 0.10240013152360916
0.10206098109483719 0.10237932950258255
0.10206115245819092 0.10238662362098694
0.10206116735935211 0.10239504277706146
0.10206293314695358 0.10238317400217056
0.10206135362386703 0.10239554196596146
0.10206112265586853 0.10239729285240173
0.10206139087677002 0.10240362584590912
0.10206173360347748 0.10237932950258255
0.10206093639135361 0.10240878909826279
0.10205661505460739 0.10237494856119156
0.10205670446157455 0.10237465798854828
0.10205633193254471 0.10239697992801666
0.1020556092262268 0.10239806026220322
0.1020558774471283 0.1023729145526886
0.10205533355474472 0.10237231105566025
0.10205648094415665 0.1023806482553482
0.1020570620894432 0.10238125920295715
0.10205529630184174 0.10238897800445557
0.1020561009645462 0.10238156467676163
0.10205589979887009 0.10240993648767471
0.10205395519733429 0.10238151252269745
0.10205310583114624 0.10236707329750061
0.10205334424972534 0.10238578915596008
0.10205282270908356 0.10238204896450043
0.10205274820327759 0.10239266604185104
0.10205314308404922 0.10238461941480637
0.10205318033695221 0.10237737745046616
0.10205302387475967 0.10239442437887192
0.1020529642701149 0.10238776355981827
0.10205249488353729 0.10240102559328079
0.10205324739217758 0.10236800462007523
0.10205202549695969 0.10238040238618851
0.10205148905515671 0.10237881541252136
0.10205152630805969 0.10238572210073471
0.1020517349243164 0.10238086432218552
0.10205152630805969 0.10238438844680786
0.1020515039563179 0.10238000750541687
0.10205169022083282 0.10237880051136017
0.10205165296792984 0.10238749533891678
0.1020515114068985 0.10238794982433319
0.10205160081386566 0.1023825854063034
0.10205146670341492 0.10238692909479141
0.10205071419477463 0.10238303244113922
0.10205062478780746 0.10238146036863327
0.10205072164535522 0.1023835837841034
0.10205059498548508 0.10238000750541687
0.10205057263374329 0.1023814007639885
0.10205063968896866 0.10238272696733475
0.1020505428314209 0.10237845778465271
0.10205058008432388 0.10238388180732727
