0.32685765624046326 0.24434170126914978
0.21998630464076996 0.19260936975479126
0.18014025688171387 0.15984207391738892
0.1575465053319931 0.1482820063829422
0.14830048382282257 0.14149761199951172
0.14200550317764282 0.13638782501220703
0.13737808167934418 0.133195698261261
0.13402675092220306 0.1302691549062729
0.20133532583713531 0.19402912259101868
0.17421473562717438 0.16171813011169434
0.16013383865356445 0.15406681597232819
0.15356634557247162 0.14852391183376312
0.14801597595214844 0.14257478713989258
0.14267495274543762 0.13810230791568756
0.1388191431760788 0.1348394900560379
0.1361902803182602 0.13328726589679718
0.13432176411151886 0.13100983202457428
0.1326650232076645 0.1295972317457199
0.1314307004213333 0.1287926584482193
0.13036131858825684 0.12810306251049042
0.12932607531547546 0.12681546807289124
0.12839528918266296 0.12561045587062836
0.1275642216205597 0.12521114945411682
0.12680542469024658 0.12504006922245026
0.12606298923492432 0.12382232397794724
0.12550002336502075 0.12345557659864426
0.12486372143030167 0.12249591201543808
0.12415652722120285 0.12268537282943726
0.12374746054410934 0.12171048671007156
0.12333149462938309 0.12184454500675201
