1.8741453886032104 1.4387239217758179
1.3037588596343994 1.1832305192947388
1.0653496980667114 0.9386864304542542
0.8827838897705078 0.8094691038131714
0.7783806920051575 0.7227835059165955
0.712285041809082 0.6659086346626282
0.6681323051452637 0.6383435130119324
0.631422758102417 0.5894495844841003
1.1111036539077759 1.2519723176956177
1.0961235761642456 0.9950260519981384
0.918961763381958 0.8564284443855286
0.831697940826416 0.7771697640419006
0.7698306441307068 0.7165337204933167
0.7259623408317566 0.6919267177581787
0.7001718282699585 0.694434404373169
0.6753301024436951 0.6403917074203491
0.650843620300293 0.6205595135688782
0.6378285884857178 0.6126272678375244
0.620396077632904 0.6032979488372803
0.6095747947692871 0.5968974828720093
0.606648325920105 0.5910134315490723
0.6017617583274841 0.5986560583114624
0.6022409796714783 0.5807680487632751
0.6023833751678467 0.5791527628898621
0.5959733724594116 0.6084031462669373
0.587552547454834 0.5723087191581726
0.5828996896743774 0.5663873553276062
0.5808674693107605 0.5646612048149109
0.5810345411300659 0.5571476817131042
0.5743420720100403 0.5570356249809265
0.576026976108551 0.5916281342506409
0.5758931040763855 0.5659780502319336
0.5718865394592285 0.5697532892227173
0.5696491599082947 0.5472678542137146
0.5690599083900452 0.5532738566398621
0.5660678148269653 0.5404658913612366
0.560881495475769 0.5337240695953369
0.5632954239845276 0.5860127806663513
0.5599836707115173 0.561469316482544
0.5507841110229492 0.5286735892295837
